Processing esp32-s3-devkitc-1 (platform: espressif32; board: esp32-s3-devkitc-1; framework: arduino)
--------------------------------------------------------------------------------
Verbose mode can be enabled via `-v, --verbose` option
CONFIGURATION: https://docs.platformio.org/page/boards/espressif32/esp32-s3-devkitc-1.html
PLATFORM: Espressif 32 (6.12.0) > Espressif ESP32-S3-DevKitC-1-N8 (8 MB QD, No PSRAM)
HARDWARE: ESP32S3 240MHz, 320KB RAM, 8MB Flash
DEBUG: Current (esp-builtin) On-board (esp-builtin) External (cmsis-dap, esp-bridge, esp-prog, iot-bus-jtag, jlink, minimodule, olimex-arm-usb-ocd, olimex-arm-usb-ocd-h, olimex-arm-usb-tiny-h, olimex-jtag-tiny, tumpa)
PACKAGES: 
 - framework-arduinoespressif32 @ 3.20017.241212+sha.dcc1105b 
 - tool-esptoolpy @ 2.40900.250804 (4.9.0) 
 - toolchain-riscv32-esp @ 8.4.0+2021r2-patch5 
 - toolchain-xtensa-esp32s3 @ 8.4.0+2021r2-patch5
LDF: Library Dependency Finder -> https://bit.ly/configure-pio-ldf
LDF Modes: Finder ~ chain, Compatibility ~ soft
Found 37 compatible libraries
Scanning dependencies...
Dependency Graph
|-- ArduinoOTA @ 2.0.0
|-- ESPAsyncWebServer @ 3.5.1+sha.23ae702
|-- AsyncTCP @ 3.3.2+sha.c3584ed
|-- ArduinoJson @ 6.21.5
|-- SPIFFS @ 2.0.0
|-- WiFi @ 2.0.0
|-- ESPmDNS @ 2.0.0
|-- Preferences @ 2.0.0
Building in release mode
Compiling .pio/build/esp32-s3-devkitc-1/src/diagnostics/heartbeat_logger.cpp.o
Compiling .pio/build/esp32-s3-devkitc-1/src/led_driver.cpp.o
Compiling .pio/build/esp32-s3-devkitc-1/src/main.cpp.o
Archiving .pio/build/esp32-s3-devkitc-1/lib418/libWiFi.a
Indexing .pio/build/esp32-s3-devkitc-1/lib418/libWiFi.a
Archiving .pio/build/esp32-s3-devkitc-1/libc51/libESPmDNS.a
Indexing .pio/build/esp32-s3-devkitc-1/libc51/libESPmDNS.a
Compiling .pio/build/esp32-s3-devkitc-1/lib794/ArduinoOTA/ArduinoOTA.cpp.o
Compiling .pio/build/esp32-s3-devkitc-1/libb72/AsyncTCP@src-5eecd0d947e8c61fa37a4eac706dc0b0/AsyncTCP.cpp.o
Compiling .pio/build/esp32-s3-devkitc-1/lib712/FS/FS.cpp.o
Compiling .pio/build/esp32-s3-devkitc-1/lib712/FS/vfs_api.cpp.o
Compiling .pio/build/esp32-s3-devkitc-1/libb24/WebServer/Parsing.cpp.o
Compiling .pio/build/esp32-s3-devkitc-1/libb24/WebServer/WebServer.cpp.o
Compiling .pio/build/esp32-s3-devkitc-1/libb24/WebServer/detail/mimetable.cpp.o
Compiling .pio/build/esp32-s3-devkitc-1/liba66/ESPAsyncWebServer/AsyncEventSource.cpp.o
Compiling .pio/build/esp32-s3-devkitc-1/liba66/ESPAsyncWebServer/AsyncJson.cpp.o
Compiling .pio/build/esp32-s3-devkitc-1/liba66/ESPAsyncWebServer/AsyncMessagePack.cpp.o
Compiling .pio/build/esp32-s3-devkitc-1/liba66/ESPAsyncWebServer/AsyncWebHeader.cpp.o
Compiling .pio/build/esp32-s3-devkitc-1/liba66/ESPAsyncWebServer/AsyncWebSocket.cpp.o
Compiling .pio/build/esp32-s3-devkitc-1/liba66/ESPAsyncWebServer/BackPort_SHA1Builder.cpp.o
Compiling .pio/build/esp32-s3-devkitc-1/liba66/ESPAsyncWebServer/ChunkPrint.cpp.o
Archiving .pio/build/esp32-s3-devkitc-1/lib794/libArduinoOTA.a
Indexing .pio/build/esp32-s3-devkitc-1/lib794/libArduinoOTA.a
Compiling .pio/build/esp32-s3-devkitc-1/liba66/ESPAsyncWebServer/Middleware.cpp.o
Compiling .pio/build/esp32-s3-devkitc-1/liba66/ESPAsyncWebServer/WebAuthentication.cpp.o
Compiling .pio/build/esp32-s3-devkitc-1/liba66/ESPAsyncWebServer/WebHandlers.cpp.o
Archiving .pio/build/esp32-s3-devkitc-1/libb72/libAsyncTCP@src-5eecd0d947e8c61fa37a4eac706dc0b0.a
Indexing .pio/build/esp32-s3-devkitc-1/libb72/libAsyncTCP@src-5eecd0d947e8c61fa37a4eac706dc0b0.a
Compiling .pio/build/esp32-s3-devkitc-1/liba66/ESPAsyncWebServer/WebRequest.cpp.o
Compiling .pio/build/esp32-s3-devkitc-1/liba66/ESPAsyncWebServer/WebResponses.cpp.o
Archiving .pio/build/esp32-s3-devkitc-1/lib712/libFS.a
Indexing .pio/build/esp32-s3-devkitc-1/lib712/libFS.a
Compiling .pio/build/esp32-s3-devkitc-1/liba66/ESPAsyncWebServer/WebServer.cpp.o
Compiling .pio/build/esp32-s3-devkitc-1/lib870/SPIFFS/SPIFFS.cpp.o
Compiling .pio/build/esp32-s3-devkitc-1/libbc1/Preferences/Preferences.cpp.o
Archiving .pio/build/esp32-s3-devkitc-1/libb24/libWebServer.a
Indexing .pio/build/esp32-s3-devkitc-1/libb24/libWebServer.a
Compiling .pio/build/esp32-s3-devkitc-1/FrameworkArduino/Esp.cpp.o
Compiling .pio/build/esp32-s3-devkitc-1/FrameworkArduino/FirmwareMSC.cpp.o
Compiling .pio/build/esp32-s3-devkitc-1/FrameworkArduino/FunctionalInterrupt.cpp.o
Compiling .pio/build/esp32-s3-devkitc-1/FrameworkArduino/HWCDC.cpp.o
Compiling .pio/build/esp32-s3-devkitc-1/FrameworkArduino/HardwareSerial.cpp.o
Archiving .pio/build/esp32-s3-devkitc-1/lib870/libSPIFFS.a
Indexing .pio/build/esp32-s3-devkitc-1/lib870/libSPIFFS.a
Compiling .pio/build/esp32-s3-devkitc-1/FrameworkArduino/IPAddress.cpp.o
Archiving .pio/build/esp32-s3-devkitc-1/libbc1/libPreferences.a
Compiling .pio/build/esp32-s3-devkitc-1/FrameworkArduino/IPv6Address.cpp.o
Indexing .pio/build/esp32-s3-devkitc-1/libbc1/libPreferences.a
Compiling .pio/build/esp32-s3-devkitc-1/FrameworkArduino/MD5Builder.cpp.o
Compiling .pio/build/esp32-s3-devkitc-1/FrameworkArduino/Print.cpp.o
Compiling .pio/build/esp32-s3-devkitc-1/FrameworkArduino/Stream.cpp.o
Compiling .pio/build/esp32-s3-devkitc-1/FrameworkArduino/StreamString.cpp.o
Compiling .pio/build/esp32-s3-devkitc-1/FrameworkArduino/Tone.cpp.o
Compiling .pio/build/esp32-s3-devkitc-1/FrameworkArduino/USB.cpp.o
Compiling .pio/build/esp32-s3-devkitc-1/FrameworkArduino/USBCDC.cpp.o
Compiling .pio/build/esp32-s3-devkitc-1/FrameworkArduino/USBMSC.cpp.o
Compiling .pio/build/esp32-s3-devkitc-1/FrameworkArduino/WMath.cpp.o
Compiling .pio/build/esp32-s3-devkitc-1/FrameworkArduino/WString.cpp.o
Archiving .pio/build/esp32-s3-devkitc-1/liba66/libESPAsyncWebServer.a
Indexing .pio/build/esp32-s3-devkitc-1/liba66/libESPAsyncWebServer.a
Compiling .pio/build/esp32-s3-devkitc-1/FrameworkArduino/base64.cpp.o
Compiling .pio/build/esp32-s3-devkitc-1/FrameworkArduino/cbuf.cpp.o
Compiling .pio/build/esp32-s3-devkitc-1/FrameworkArduino/esp32-hal-adc.c.o
Compiling .pio/build/esp32-s3-devkitc-1/FrameworkArduino/esp32-hal-bt.c.o
Compiling .pio/build/esp32-s3-devkitc-1/FrameworkArduino/esp32-hal-cpu.c.o
Compiling .pio/build/esp32-s3-devkitc-1/FrameworkArduino/esp32-hal-dac.c.o
Compiling .pio/build/esp32-s3-devkitc-1/FrameworkArduino/esp32-hal-gpio.c.o
Compiling .pio/build/esp32-s3-devkitc-1/FrameworkArduino/esp32-hal-i2c-slave.c.o
Compiling .pio/build/esp32-s3-devkitc-1/FrameworkArduino/esp32-hal-i2c.c.o
Compiling .pio/build/esp32-s3-devkitc-1/FrameworkArduino/esp32-hal-ledc.c.o
Compiling .pio/build/esp32-s3-devkitc-1/FrameworkArduino/esp32-hal-matrix.c.o
Compiling .pio/build/esp32-s3-devkitc-1/FrameworkArduino/esp32-hal-misc.c.o
Compiling .pio/build/esp32-s3-devkitc-1/FrameworkArduino/esp32-hal-psram.c.o
Compiling .pio/build/esp32-s3-devkitc-1/FrameworkArduino/esp32-hal-rgb-led.c.o
Compiling .pio/build/esp32-s3-devkitc-1/FrameworkArduino/esp32-hal-rmt.c.o
Compiling .pio/build/esp32-s3-devkitc-1/FrameworkArduino/esp32-hal-sigmadelta.c.o
Compiling .pio/build/esp32-s3-devkitc-1/FrameworkArduino/esp32-hal-spi.c.o
Compiling .pio/build/esp32-s3-devkitc-1/FrameworkArduino/esp32-hal-time.c.o
Compiling .pio/build/esp32-s3-devkitc-1/FrameworkArduino/esp32-hal-timer.c.o
Compiling .pio/build/esp32-s3-devkitc-1/FrameworkArduino/esp32-hal-tinyusb.c.o
Compiling .pio/build/esp32-s3-devkitc-1/FrameworkArduino/esp32-hal-touch.c.o
Compiling .pio/build/esp32-s3-devkitc-1/FrameworkArduino/esp32-hal-uart.c.o
Compiling .pio/build/esp32-s3-devkitc-1/FrameworkArduino/firmware_msc_fat.c.o
Compiling .pio/build/esp32-s3-devkitc-1/FrameworkArduino/libb64/cdecode.c.o
Compiling .pio/build/esp32-s3-devkitc-1/FrameworkArduino/libb64/cencode.c.o
Compiling .pio/build/esp32-s3-devkitc-1/FrameworkArduino/main.cpp.o
Compiling .pio/build/esp32-s3-devkitc-1/FrameworkArduino/stdlib_noniso.c.o
Compiling .pio/build/esp32-s3-devkitc-1/FrameworkArduino/wiring_pulse.c.o
Compiling .pio/build/esp32-s3-devkitc-1/FrameworkArduino/wiring_shift.c.o
Archiving .pio/build/esp32-s3-devkitc-1/libFrameworkArduino.a
Indexing .pio/build/esp32-s3-devkitc-1/libFrameworkArduino.a
Linking .pio/build/esp32-s3-devkitc-1/firmware.elf
Retrieving maximum program size .pio/build/esp32-s3-devkitc-1/firmware.elf
Checking size .pio/build/esp32-s3-devkitc-1/firmware.elf
Advanced Memory Usage is available via "PlatformIO Home > Project Inspect"
RAM:   [=====     ]  48.4% (used 158456 bytes from 327680 bytes)
Flash: [======    ]  61.2% (used 1203637 bytes from 1966080 bytes)
Building .pio/build/esp32-s3-devkitc-1/firmware.bin
esptool.py v4.9.0
Creating esp32s3 image...
Merged 2 ELF sections
Successfully created esp32s3 image.
========================= [SUCCESS] Took 7.86 seconds =========================

Environment         Status    Duration
------------------  --------  ------------
esp32-s3-devkitc-1  SUCCESS   00:00:07.861
========================= 1 succeeded in 00:00:07.861 =========================
